2023-05-26 14:05:43.742 [info] Extension host with pid 15391 started
2023-05-26 14:05:43.875 [info] ExtensionService#_doActivateExtension vscode.git-base, startup: true, activationEvent: '*', root cause: vscode.git
2023-05-26 14:05:43.953 [info] ExtensionService#_doActivateExtension vscode.git, startup: true, activationEvent: '*'
2023-05-26 14:05:43.954 [info] ExtensionService#_doActivateExtension vscode.github, startup: true, activationEvent: '*'
2023-05-26 14:05:44.548 [info] Eager extensions activated
2023-05-26 14:05:44.549 [info] ExtensionService#_doActivateExtension vscode.debug-auto-launch, startup: false, activationEvent: 'onStartupFinished'
2023-05-26 14:05:44.550 [info] ExtensionService#_doActivateExtension vscode.merge-conflict, startup: false, activationEvent: 'onStartupFinished'
2023-05-26 14:05:50.975 [info] ExtensionService#_doActivateExtension ms-azuretools.vscode-docker, startup: false, activationEvent: 'onView:dockerContainers'
2023-05-26 14:05:51.943 [warning] Using default string since no string found in i18n bundle that has the key: No grouping
2023-05-26 14:05:51.943 [warning] Using default string since no string found in i18n bundle that has the key: Sort by newest
2023-05-26 14:05:51.943 [warning] Using default string since no string found in i18n bundle that has the key: Sort alphabetically by label
2023-05-26 14:05:51.945 [warning] Using default string since no string found in i18n bundle that has the key: Value used to associate containers launched by a 'docker-compose up' command
2023-05-26 14:05:51.945 [warning] Using default string since no string found in i18n bundle that has the key: Individual Containers
2023-05-26 14:05:51.945 [warning] Using default string since no string found in i18n bundle that has the key: Others
2023-05-26 14:05:51.948 [warning] Using default string since no string found in i18n bundle that has the key: Choose a project file
2023-05-26 14:05:51.948 [warning] Using default string since no string found in i18n bundle that has the key: No C# or F# project files were found in the workspace.
2023-05-26 14:05:51.948 [warning] Using default string since no string found in i18n bundle that has the key: Choose a package.json file
2023-05-26 14:05:51.948 [warning] Using default string since no string found in i18n bundle that has the key: No package.json files were found in the workspace.
2023-05-26 14:05:51.953 [warning] Using default string since no string found in i18n bundle that has the key: Overwrite File
2023-05-26 14:05:51.953 [warning] Using default string since no string found in i18n bundle that has the key: Skip File
2023-05-26 14:05:51.953 [warning] Using default string since no string found in i18n bundle that has the key: Cancel
2023-05-26 14:05:51.962 [warning] Using default string since no string found in i18n bundle that has the key: Generic Docker Registry
2023-05-26 14:05:51.962 [warning] Using default string since no string found in i18n bundle that has the key: (Preview)
2023-05-26 14:05:51.962 [warning] Using default string since no string found in i18n bundle that has the key: Connect any generic private registry that supports the "Docker V2" api.
2023-05-26 14:05:51.962 [warning] Using default string since no string found in i18n bundle that has the key: Connect Docker Registry
2023-05-26 14:05:51.962 [warning] Using default string since no string found in i18n bundle that has the key: Enter the URL for the registry
2023-05-26 14:05:51.963 [warning] Using default string since no string found in i18n bundle that has the key: Sign in to GitLab
2023-05-26 14:05:51.963 [warning] Using default string since no string found in i18n bundle that has the key: GitLab Personal Access Token (requires `api` or `read_api` scope)
2023-05-26 14:05:51.963 [warning] Using default string since no string found in i18n bundle that has the key: Sign in to Docker Hub
2023-05-26 14:05:51.964 [warning] Using default string since no string found in i18n bundle that has the key: Visit hub.docker.com to sign up for a Docker ID
2023-05-26 14:05:51.964 [warning] Using default string since no string found in i18n bundle that has the key: Enter your Docker ID
2023-05-26 14:05:51.964 [warning] Using default string since no string found in i18n bundle that has the key: Enter your password or personal access token
2023-05-26 14:05:51.994 [warning] Using default string since no string found in i18n bundle that has the key: Redis is an open source key-value store that functions as a data structure server.
2023-05-26 14:05:51.994 [warning] Using default string since no string found in i18n bundle that has the key: Ubuntu is a Debian-based Linux operating system based on free software.
2023-05-26 14:05:51.994 [warning] Using default string since no string found in i18n bundle that has the key: The WordPress rich content management system can utilize plugins, widgets, and themes.
2023-05-26 14:05:51.994 [warning] Using default string since no string found in i18n bundle that has the key: MySQL is a widely used, open-source relational database management system (RDBMS).
2023-05-26 14:05:51.994 [warning] Using default string since no string found in i18n bundle that has the key: MongoDB document databases provide high availability and easy scalability.
2023-05-26 14:05:51.994 [warning] Using default string since no string found in i18n bundle that has the key: The official build of CentOS.
2023-05-26 14:05:51.994 [warning] Using default string since no string found in i18n bundle that has the key: Node.js is a JavaScript-based platform for server-side and networking applications.
2023-05-26 14:05:51.994 [warning] Using default string since no string found in i18n bundle that has the key: Official build of Nginx.
2023-05-26 14:05:51.994 [warning] Using default string since no string found in i18n bundle that has the key: The PostgreSQL object-relational database system provides reliability and data integrity.
2023-05-26 14:05:51.994 [warning] Using default string since no string found in i18n bundle that has the key: ASP.NET is an open source server-side Web application framework
2023-05-26 14:05:52.142 [warning] Using default string since no string found in i18n bundle that has the key: Containers
2023-05-26 14:05:52.143 [warning] Using default string since no string found in i18n bundle that has the key: Configure containers explorer
2023-05-26 14:05:52.145 [warning] Using default string since no string found in i18n bundle that has the key: Networks
2023-05-26 14:05:52.146 [warning] Using default string since no string found in i18n bundle that has the key: Configure networks explorer
2023-05-26 14:05:52.147 [warning] Using default string since no string found in i18n bundle that has the key: Images
2023-05-26 14:05:52.147 [warning] Using default string since no string found in i18n bundle that has the key: Configure images explorer
2023-05-26 14:05:52.147 [warning] Using default string since no string found in i18n bundle that has the key: Sort by image size
2023-05-26 14:05:52.148 [warning] Using default string since no string found in i18n bundle that has the key: Registries
2023-05-26 14:05:52.148 [warning] Using default string since no string found in i18n bundle that has the key: Connected Registries
2023-05-26 14:05:52.149 [warning] Using default string since no string found in i18n bundle that has the key: Volumes
2023-05-26 14:05:52.149 [warning] Using default string since no string found in i18n bundle that has the key: Configure volumes explorer
2023-05-26 14:05:52.150 [warning] Using default string since no string found in i18n bundle that has the key: Contexts
2023-05-26 14:05:52.150 [warning] Using default string since no string found in i18n bundle that has the key: Configure Docker Contexts Explorer
2023-05-26 14:05:52.398 [warning] Using default string since no string found in i18n bundle that has the key: Connect Registry...
2023-05-26 14:05:52.401 [warning] Using default string since no string found in i18n bundle that has the key: Read Extension Documentation
2023-05-26 14:05:52.401 [warning] Using default string since no string found in i18n bundle that has the key: Watch Extension Tutorial Videos
2023-05-26 14:05:52.401 [warning] Using default string since no string found in i18n bundle that has the key: Get Started with Docker Tutorial
2023-05-26 14:05:52.402 [warning] Using default string since no string found in i18n bundle that has the key: Open Docker Extension Walkthrough
2023-05-26 14:05:52.402 [warning] Using default string since no string found in i18n bundle that has the key: Review Issues
2023-05-26 14:05:52.403 [warning] Using default string since no string found in i18n bundle that has the key: Report Issue
2023-05-26 14:05:52.403 [warning] Using default string since no string found in i18n bundle that has the key: Install Docker
2023-05-26 14:05:57.818 [warning] Using default string since no string found in i18n bundle that has the key: Less than a minute
2023-05-26 14:05:59.816 [warning] Using default string since no string found in i18n bundle that has the key: Files
2023-05-26 14:06:54.556 [warning] Using default string since no string found in i18n bundle that has the key: Less than a minute
2023-05-26 14:06:54.572 [warning] Using default string since no string found in i18n bundle that has the key: Files
2023-05-26 14:07:54.610 [warning] Using default string since no string found in i18n bundle that has the key: Less than a minute
2023-05-26 14:07:54.622 [warning] Using default string since no string found in i18n bundle that has the key: Files
2023-05-26 14:08:06.985 [error] Error: read ECONNRESET
	at TLSWrap.onStreamRead (node:internal/stream_base_commons:217:20)
2023-05-26 14:08:54.579 [warning] Using default string since no string found in i18n bundle that has the key: Less than a minute
2023-05-26 14:08:54.588 [warning] Using default string since no string found in i18n bundle that has the key: Files
2023-05-26 14:08:59.456 [error] Error: read ECONNRESET
	at TLSWrap.onStreamRead (node:internal/stream_base_commons:217:20)
2023-05-26 14:09:54.953 [warning] Using default string since no string found in i18n bundle that has the key: Less than a minute
2023-05-26 14:09:55.011 [warning] Using default string since no string found in i18n bundle that has the key: Files
2023-05-26 14:10:54.092 [warning] Using default string since no string found in i18n bundle that has the key: Less than a minute
2023-05-26 14:10:54.104 [warning] Using default string since no string found in i18n bundle that has the key: Files
2023-05-26 14:11:54.047 [warning] Using default string since no string found in i18n bundle that has the key: Less than a minute
2023-05-26 14:11:54.069 [warning] Using default string since no string found in i18n bundle that has the key: Files
2023-05-26 14:12:55.235 [warning] Using default string since no string found in i18n bundle that has the key: Less than a minute
2023-05-26 14:12:55.248 [warning] Using default string since no string found in i18n bundle that has the key: Files
2023-05-26 14:13:54.112 [warning] Using default string since no string found in i18n bundle that has the key: Less than a minute
2023-05-26 14:13:54.133 [warning] Using default string since no string found in i18n bundle that has the key: Files
2023-05-26 14:14:54.051 [warning] Using default string since no string found in i18n bundle that has the key: Less than a minute
2023-05-26 14:14:54.062 [warning] Using default string since no string found in i18n bundle that has the key: Files
2023-05-26 14:15:54.044 [warning] Using default string since no string found in i18n bundle that has the key: Less than a minute
2023-05-26 14:15:54.054 [warning] Using default string since no string found in i18n bundle that has the key: Files
2023-05-26 14:16:54.326 [warning] Using default string since no string found in i18n bundle that has the key: Less than a minute
2023-05-26 14:16:54.340 [warning] Using default string since no string found in i18n bundle that has the key: Files
2023-05-26 14:17:54.106 [warning] Using default string since no string found in i18n bundle that has the key: Less than a minute
2023-05-26 14:17:54.115 [warning] Using default string since no string found in i18n bundle that has the key: Files
2023-05-26 14:18:54.062 [warning] Using default string since no string found in i18n bundle that has the key: Less than a minute
2023-05-26 14:18:54.074 [warning] Using default string since no string found in i18n bundle that has the key: Files
2023-05-26 14:19:54.187 [warning] Using default string since no string found in i18n bundle that has the key: Less than a minute
2023-05-26 14:19:54.212 [warning] Using default string since no string found in i18n bundle that has the key: Files
2023-05-26 14:20:54.113 [warning] Using default string since no string found in i18n bundle that has the key: Less than a minute
2023-05-26 14:20:54.122 [warning] Using default string since no string found in i18n bundle that has the key: Files
2023-05-26 14:21:54.072 [warning] Using default string since no string found in i18n bundle that has the key: Less than a minute
2023-05-26 14:21:54.096 [warning] Using default string since no string found in i18n bundle that has the key: Files
2023-05-26 14:22:54.300 [warning] Using default string since no string found in i18n bundle that has the key: Less than a minute
2023-05-26 14:22:54.308 [warning] Using default string since no string found in i18n bundle that has the key: Files
2023-05-26 14:23:54.156 [warning] Using default string since no string found in i18n bundle that has the key: Less than a minute
2023-05-26 14:23:54.163 [warning] Using default string since no string found in i18n bundle that has the key: Files
2023-05-26 14:24:54.401 [warning] Using default string since no string found in i18n bundle that has the key: Less than a minute
2023-05-26 14:24:54.410 [warning] Using default string since no string found in i18n bundle that has the key: Files
2023-05-26 14:25:54.213 [warning] Using default string since no string found in i18n bundle that has the key: Less than a minute
2023-05-26 14:25:54.221 [warning] Using default string since no string found in i18n bundle that has the key: Files
2023-05-26 14:26:24.703 [info] Extension host terminating: received terminate message from renderer
2023-05-26 14:26:24.938 [info] Extension host with pid 15391 exiting with code 0
