2023-05-26 18:14:45.545 [info] Extension host with pid 32463 started
2023-05-26 18:14:45.699 [info] ExtensionService#_doActivateExtension vscode.git-base, startup: true, activationEvent: '*', root cause: vscode.git
2023-05-26 18:14:45.819 [info] ExtensionService#_doActivateExtension vscode.git, startup: true, activationEvent: '*'
2023-05-26 18:14:45.820 [info] ExtensionService#_doActivateExtension vscode.github, startup: true, activationEvent: '*'
2023-05-26 18:14:46.675 [info] Eager extensions activated
2023-05-26 18:14:46.676 [info] ExtensionService#_doActivateExtension vscode.debug-auto-launch, startup: false, activationEvent: 'onStartupFinished'
2023-05-26 18:14:46.678 [info] ExtensionService#_doActivateExtension vscode.merge-conflict, startup: false, activationEvent: 'onStartupFinished'
2023-05-26 18:14:46.761 [info] ExtensionService#_doActivateExtension ms-azuretools.vscode-docker, startup: false, activationEvent: 'onView:dockerContainers'
2023-05-26 18:14:47.846 [warning] Using default string since no string found in i18n bundle that has the key: No grouping
2023-05-26 18:14:47.846 [warning] Using default string since no string found in i18n bundle that has the key: Sort by newest
2023-05-26 18:14:47.847 [warning] Using default string since no string found in i18n bundle that has the key: Sort alphabetically by label
2023-05-26 18:14:47.850 [warning] Using default string since no string found in i18n bundle that has the key: Value used to associate containers launched by a 'docker-compose up' command
2023-05-26 18:14:47.850 [warning] Using default string since no string found in i18n bundle that has the key: Individual Containers
2023-05-26 18:14:47.850 [warning] Using default string since no string found in i18n bundle that has the key: Others
2023-05-26 18:14:47.853 [warning] Using default string since no string found in i18n bundle that has the key: Choose a project file
2023-05-26 18:14:47.853 [warning] Using default string since no string found in i18n bundle that has the key: No C# or F# project files were found in the workspace.
2023-05-26 18:14:47.854 [warning] Using default string since no string found in i18n bundle that has the key: Choose a package.json file
2023-05-26 18:14:47.854 [warning] Using default string since no string found in i18n bundle that has the key: No package.json files were found in the workspace.
2023-05-26 18:14:47.860 [warning] Using default string since no string found in i18n bundle that has the key: Overwrite File
2023-05-26 18:14:47.861 [warning] Using default string since no string found in i18n bundle that has the key: Skip File
2023-05-26 18:14:47.861 [warning] Using default string since no string found in i18n bundle that has the key: Cancel
2023-05-26 18:14:47.874 [warning] Using default string since no string found in i18n bundle that has the key: Generic Docker Registry
2023-05-26 18:14:47.874 [warning] Using default string since no string found in i18n bundle that has the key: (Preview)
2023-05-26 18:14:47.874 [warning] Using default string since no string found in i18n bundle that has the key: Connect any generic private registry that supports the "Docker V2" api.
2023-05-26 18:14:47.874 [warning] Using default string since no string found in i18n bundle that has the key: Connect Docker Registry
2023-05-26 18:14:47.874 [warning] Using default string since no string found in i18n bundle that has the key: Enter the URL for the registry
2023-05-26 18:14:47.875 [warning] Using default string since no string found in i18n bundle that has the key: Sign in to GitLab
2023-05-26 18:14:47.876 [warning] Using default string since no string found in i18n bundle that has the key: GitLab Personal Access Token (requires `api` or `read_api` scope)
2023-05-26 18:14:47.876 [warning] Using default string since no string found in i18n bundle that has the key: Sign in to Docker Hub
2023-05-26 18:14:47.876 [warning] Using default string since no string found in i18n bundle that has the key: Visit hub.docker.com to sign up for a Docker ID
2023-05-26 18:14:47.876 [warning] Using default string since no string found in i18n bundle that has the key: Enter your Docker ID
2023-05-26 18:14:47.876 [warning] Using default string since no string found in i18n bundle that has the key: Enter your password or personal access token
2023-05-26 18:14:47.917 [warning] Using default string since no string found in i18n bundle that has the key: Redis is an open source key-value store that functions as a data structure server.
2023-05-26 18:14:47.917 [warning] Using default string since no string found in i18n bundle that has the key: Ubuntu is a Debian-based Linux operating system based on free software.
2023-05-26 18:14:47.917 [warning] Using default string since no string found in i18n bundle that has the key: The WordPress rich content management system can utilize plugins, widgets, and themes.
2023-05-26 18:14:47.917 [warning] Using default string since no string found in i18n bundle that has the key: MySQL is a widely used, open-source relational database management system (RDBMS).
2023-05-26 18:14:47.917 [warning] Using default string since no string found in i18n bundle that has the key: MongoDB document databases provide high availability and easy scalability.
2023-05-26 18:14:47.917 [warning] Using default string since no string found in i18n bundle that has the key: The official build of CentOS.
2023-05-26 18:14:47.918 [warning] Using default string since no string found in i18n bundle that has the key: Node.js is a JavaScript-based platform for server-side and networking applications.
2023-05-26 18:14:47.918 [warning] Using default string since no string found in i18n bundle that has the key: Official build of Nginx.
2023-05-26 18:14:47.918 [warning] Using default string since no string found in i18n bundle that has the key: The PostgreSQL object-relational database system provides reliability and data integrity.
2023-05-26 18:14:47.918 [warning] Using default string since no string found in i18n bundle that has the key: ASP.NET is an open source server-side Web application framework
2023-05-26 18:14:48.167 [warning] Using default string since no string found in i18n bundle that has the key: Containers
2023-05-26 18:14:48.168 [warning] Using default string since no string found in i18n bundle that has the key: Configure containers explorer
2023-05-26 18:14:48.171 [warning] Using default string since no string found in i18n bundle that has the key: Networks
2023-05-26 18:14:48.171 [warning] Using default string since no string found in i18n bundle that has the key: Configure networks explorer
2023-05-26 18:14:48.173 [warning] Using default string since no string found in i18n bundle that has the key: Images
2023-05-26 18:14:48.173 [warning] Using default string since no string found in i18n bundle that has the key: Configure images explorer
2023-05-26 18:14:48.173 [warning] Using default string since no string found in i18n bundle that has the key: Sort by image size
2023-05-26 18:14:48.174 [warning] Using default string since no string found in i18n bundle that has the key: Registries
2023-05-26 18:14:48.175 [warning] Using default string since no string found in i18n bundle that has the key: Connected Registries
2023-05-26 18:14:48.176 [warning] Using default string since no string found in i18n bundle that has the key: Volumes
2023-05-26 18:14:48.176 [warning] Using default string since no string found in i18n bundle that has the key: Configure volumes explorer
2023-05-26 18:14:48.177 [warning] Using default string since no string found in i18n bundle that has the key: Contexts
2023-05-26 18:14:48.178 [warning] Using default string since no string found in i18n bundle that has the key: Configure Docker Contexts Explorer
2023-05-26 18:14:48.725 [warning] Using default string since no string found in i18n bundle that has the key: Connect Registry...
2023-05-26 18:14:48.730 [warning] Using default string since no string found in i18n bundle that has the key: Read Extension Documentation
2023-05-26 18:14:48.731 [warning] Using default string since no string found in i18n bundle that has the key: Watch Extension Tutorial Videos
2023-05-26 18:14:48.731 [warning] Using default string since no string found in i18n bundle that has the key: Get Started with Docker Tutorial
2023-05-26 18:14:48.731 [warning] Using default string since no string found in i18n bundle that has the key: Open Docker Extension Walkthrough
2023-05-26 18:14:48.732 [warning] Using default string since no string found in i18n bundle that has the key: Review Issues
2023-05-26 18:14:48.732 [warning] Using default string since no string found in i18n bundle that has the key: Report Issue
2023-05-26 18:14:48.732 [warning] Using default string since no string found in i18n bundle that has the key: Install Docker
2023-05-26 18:14:54.351 [warning] Using default string since no string found in i18n bundle that has the key: Less than a minute
2023-05-26 18:14:55.708 [warning] Using default string since no string found in i18n bundle that has the key: Files
2023-05-26 18:15:51.014 [warning] Using default string since no string found in i18n bundle that has the key: Less than a minute
2023-05-26 18:15:51.024 [warning] Using default string since no string found in i18n bundle that has the key: Files
2023-05-26 18:16:57.621 [warning] Using default string since no string found in i18n bundle that has the key: Less than a minute
2023-05-26 18:16:57.698 [warning] Using default string since no string found in i18n bundle that has the key: Files
2023-05-26 18:17:51.595 [warning] Using default string since no string found in i18n bundle that has the key: Less than a minute
2023-05-26 18:17:51.808 [warning] Using default string since no string found in i18n bundle that has the key: Files
2023-05-26 18:18:00.834 [error] Error: connect ETIMEDOUT 20.44.10.123:443
	at TCPConnectWrap.afterConnect [as oncomplete] (node:net:1247:16)
2023-05-26 18:18:02.751 [error] Error: connect ETIMEDOUT 20.44.10.123:443
	at TCPConnectWrap.afterConnect [as oncomplete] (node:net:1247:16)
2023-05-26 18:18:54.150 [warning] Using default string since no string found in i18n bundle that has the key: Less than a minute
2023-05-26 18:18:54.164 [warning] Using default string since no string found in i18n bundle that has the key: Files
2023-05-26 18:19:50.892 [warning] Using default string since no string found in i18n bundle that has the key: Less than a minute
2023-05-26 18:19:50.904 [warning] Using default string since no string found in i18n bundle that has the key: Files
2023-05-26 18:20:53.961 [warning] Using default string since no string found in i18n bundle that has the key: Less than a minute
2023-05-26 18:20:53.974 [warning] Using default string since no string found in i18n bundle that has the key: Files
2023-05-26 18:21:06.098 [info] Extension host terminating: received terminate message from renderer
2023-05-26 18:21:06.459 [info] Extension host with pid 32463 exiting with code 0
