2023-05-27 10:15:48.872 [info] Extension host with pid 18780 started
2023-05-27 10:15:49.004 [info] ExtensionService#_doActivateExtension vscode.git-base, startup: true, activationEvent: '*', root cause: vscode.git
2023-05-27 10:15:49.081 [info] ExtensionService#_doActivateExtension vscode.git, startup: true, activationEvent: '*'
2023-05-27 10:15:49.082 [info] ExtensionService#_doActivateExtension vscode.github, startup: true, activationEvent: '*'
2023-05-27 10:15:49.584 [info] Eager extensions activated
2023-05-27 10:15:49.586 [info] ExtensionService#_doActivateExtension vscode.debug-auto-launch, startup: false, activationEvent: 'onStartupFinished'
2023-05-27 10:15:49.587 [info] ExtensionService#_doActivateExtension vscode.merge-conflict, startup: false, activationEvent: 'onStartupFinished'
2023-05-27 10:16:32.470 [info] ExtensionService#_doActivateExtension ms-azuretools.vscode-docker, startup: false, activationEvent: 'onView:dockerContainers'
2023-05-27 10:16:33.418 [warning] Using default string since no string found in i18n bundle that has the key: No grouping
2023-05-27 10:16:33.418 [warning] Using default string since no string found in i18n bundle that has the key: Sort by newest
2023-05-27 10:16:33.418 [warning] Using default string since no string found in i18n bundle that has the key: Sort alphabetically by label
2023-05-27 10:16:33.420 [warning] Using default string since no string found in i18n bundle that has the key: Value used to associate containers launched by a 'docker-compose up' command
2023-05-27 10:16:33.420 [warning] Using default string since no string found in i18n bundle that has the key: Individual Containers
2023-05-27 10:16:33.421 [warning] Using default string since no string found in i18n bundle that has the key: Others
2023-05-27 10:16:33.423 [warning] Using default string since no string found in i18n bundle that has the key: Choose a project file
2023-05-27 10:16:33.423 [warning] Using default string since no string found in i18n bundle that has the key: No C# or F# project files were found in the workspace.
2023-05-27 10:16:33.424 [warning] Using default string since no string found in i18n bundle that has the key: Choose a package.json file
2023-05-27 10:16:33.424 [warning] Using default string since no string found in i18n bundle that has the key: No package.json files were found in the workspace.
2023-05-27 10:16:33.428 [warning] Using default string since no string found in i18n bundle that has the key: Overwrite File
2023-05-27 10:16:33.428 [warning] Using default string since no string found in i18n bundle that has the key: Skip File
2023-05-27 10:16:33.429 [warning] Using default string since no string found in i18n bundle that has the key: Cancel
2023-05-27 10:16:33.437 [warning] Using default string since no string found in i18n bundle that has the key: Generic Docker Registry
2023-05-27 10:16:33.437 [warning] Using default string since no string found in i18n bundle that has the key: (Preview)
2023-05-27 10:16:33.438 [warning] Using default string since no string found in i18n bundle that has the key: Connect any generic private registry that supports the "Docker V2" api.
2023-05-27 10:16:33.438 [warning] Using default string since no string found in i18n bundle that has the key: Connect Docker Registry
2023-05-27 10:16:33.438 [warning] Using default string since no string found in i18n bundle that has the key: Enter the URL for the registry
2023-05-27 10:16:33.439 [warning] Using default string since no string found in i18n bundle that has the key: Sign in to GitLab
2023-05-27 10:16:33.439 [warning] Using default string since no string found in i18n bundle that has the key: GitLab Personal Access Token (requires `api` or `read_api` scope)
2023-05-27 10:16:33.439 [warning] Using default string since no string found in i18n bundle that has the key: Sign in to Docker Hub
2023-05-27 10:16:33.439 [warning] Using default string since no string found in i18n bundle that has the key: Visit hub.docker.com to sign up for a Docker ID
2023-05-27 10:16:33.439 [warning] Using default string since no string found in i18n bundle that has the key: Enter your Docker ID
2023-05-27 10:16:33.439 [warning] Using default string since no string found in i18n bundle that has the key: Enter your password or personal access token
2023-05-27 10:16:33.470 [warning] Using default string since no string found in i18n bundle that has the key: Redis is an open source key-value store that functions as a data structure server.
2023-05-27 10:16:33.470 [warning] Using default string since no string found in i18n bundle that has the key: Ubuntu is a Debian-based Linux operating system based on free software.
2023-05-27 10:16:33.470 [warning] Using default string since no string found in i18n bundle that has the key: The WordPress rich content management system can utilize plugins, widgets, and themes.
2023-05-27 10:16:33.471 [warning] Using default string since no string found in i18n bundle that has the key: MySQL is a widely used, open-source relational database management system (RDBMS).
2023-05-27 10:16:33.471 [warning] Using default string since no string found in i18n bundle that has the key: MongoDB document databases provide high availability and easy scalability.
2023-05-27 10:16:33.471 [warning] Using default string since no string found in i18n bundle that has the key: The official build of CentOS.
2023-05-27 10:16:33.471 [warning] Using default string since no string found in i18n bundle that has the key: Node.js is a JavaScript-based platform for server-side and networking applications.
2023-05-27 10:16:33.471 [warning] Using default string since no string found in i18n bundle that has the key: Official build of Nginx.
2023-05-27 10:16:33.471 [warning] Using default string since no string found in i18n bundle that has the key: The PostgreSQL object-relational database system provides reliability and data integrity.
2023-05-27 10:16:33.471 [warning] Using default string since no string found in i18n bundle that has the key: ASP.NET is an open source server-side Web application framework
2023-05-27 10:16:33.632 [warning] Using default string since no string found in i18n bundle that has the key: Containers
2023-05-27 10:16:33.632 [warning] Using default string since no string found in i18n bundle that has the key: Configure containers explorer
2023-05-27 10:16:33.635 [warning] Using default string since no string found in i18n bundle that has the key: Networks
2023-05-27 10:16:33.635 [warning] Using default string since no string found in i18n bundle that has the key: Configure networks explorer
2023-05-27 10:16:33.636 [warning] Using default string since no string found in i18n bundle that has the key: Images
2023-05-27 10:16:33.637 [warning] Using default string since no string found in i18n bundle that has the key: Configure images explorer
2023-05-27 10:16:33.637 [warning] Using default string since no string found in i18n bundle that has the key: Sort by image size
2023-05-27 10:16:33.637 [warning] Using default string since no string found in i18n bundle that has the key: Registries
2023-05-27 10:16:33.638 [warning] Using default string since no string found in i18n bundle that has the key: Connected Registries
2023-05-27 10:16:33.639 [warning] Using default string since no string found in i18n bundle that has the key: Volumes
2023-05-27 10:16:33.639 [warning] Using default string since no string found in i18n bundle that has the key: Configure volumes explorer
2023-05-27 10:16:33.639 [warning] Using default string since no string found in i18n bundle that has the key: Contexts
2023-05-27 10:16:33.639 [warning] Using default string since no string found in i18n bundle that has the key: Configure Docker Contexts Explorer
2023-05-27 10:16:33.956 [warning] Using default string since no string found in i18n bundle that has the key: Connect Registry...
2023-05-27 10:16:33.960 [warning] Using default string since no string found in i18n bundle that has the key: Read Extension Documentation
2023-05-27 10:16:33.961 [warning] Using default string since no string found in i18n bundle that has the key: Watch Extension Tutorial Videos
2023-05-27 10:16:33.961 [warning] Using default string since no string found in i18n bundle that has the key: Get Started with Docker Tutorial
2023-05-27 10:16:33.962 [warning] Using default string since no string found in i18n bundle that has the key: Open Docker Extension Walkthrough
2023-05-27 10:16:33.962 [warning] Using default string since no string found in i18n bundle that has the key: Review Issues
2023-05-27 10:16:33.962 [warning] Using default string since no string found in i18n bundle that has the key: Report Issue
2023-05-27 10:16:33.962 [warning] Using default string since no string found in i18n bundle that has the key: Install Docker
2023-05-27 10:16:37.252 [warning] Using default string since no string found in i18n bundle that has the key: Less than a minute
2023-05-27 10:16:38.191 [warning] Using default string since no string found in i18n bundle that has the key: Files
2023-05-27 10:16:43.684 [info] Extension host terminating: received terminate message from renderer
2023-05-27 10:16:43.823 [info] Extension host with pid 18780 exiting with code 0
